<?xml version="1.0" encoding="UTF-8"?>
<!-- Generated by org.testng.reporters.JUnitReportReporter -->
<testsuite hostname="rightster-PC" name="tests.SignInTests" tests="1" failures="0" timestamp="30 May 2013 07:06:07 GMT" time="18.922" errors="0">
  <testcase name="SignInYT" time="18.922" classname="tests.SignInTests"/>
</testsuite> <!-- tests.SignInTests -->
