<?xml version="1.0" encoding="UTF-8"?>
<!-- Generated by org.testng.reporters.JUnitReportReporter -->
<testsuite hostname="rightster-PC" name="tests.CreatePropertyTests" tests="3" failures="0" timestamp="14 May 2013 11:13:11 GMT" time="384.068" errors="0">
  <testcase name="AFLPropertyCreationTest" time="176.191" classname="tests.CreatePropertyTests"/>
  <testcase name="IMGPropertyCreationTest" time="207.876" classname="tests.CreatePropertyTests"/>
  <testcase name="VerifyContactsTabCanBeEdited" time="0.001" classname="tests.CreatePropertyTests"/>
</testsuite> <!-- tests.CreatePropertyTests -->
