<?xml version="1.0" encoding="UTF-8"?>
<!-- Generated by org.testng.reporters.JUnitReportReporter -->
<testsuite hostname="rightster-PC" name="com.lazerycode.selenium.Tests.Selenium2ExampleST" tests="1" failures="0" timestamp="20 Dec 2012 08:51:17 GMT" time="15.053" errors="0">
  <testcase name="googleCheeseExample" time="15.053" classname="com.lazerycode.selenium.Tests.Selenium2ExampleST"/>
</testsuite> <!-- com.lazerycode.selenium.Tests.Selenium2ExampleST -->
